<?xml version="1.0" encoding="UTF-8"?>
<testng-results ignored="0" total="1" passed="1" failed="0" skipped="0">
  <reporter-output>
  </reporter-output>
  <suite started-at="2024-12-22T19:55:54 EET" name="Default suite" finished-at="2024-12-22T19:56:06 EET" duration-ms="12024">
    <groups>
    </groups>
    <test started-at="2024-12-22T19:55:54 EET" name="Default test" finished-at="2024-12-22T19:56:06 EET" duration-ms="12024">
      <class name="MyTestCases">
        <test-method is-config="true" signature="mySetup()[pri:0, instance:MyTestCases@6ad59d92]" started-at="2024-12-22T19:55:54 EET" name="mySetup" finished-at="2024-12-22T19:55:56 EET" duration-ms="2026" status="PASS">
          <reporter-output>
          </reporter-output>
        </test-method> <!-- mySetup -->
        <test-method signature="myFirstTest()[pri:0, instance:MyTestCases@6ad59d92]" started-at="2024-12-22T19:55:56 EET" name="myFirstTest" finished-at="2024-12-22T19:56:01 EET" duration-ms="4834" status="PASS">
          <reporter-output>
          </reporter-output>
        </test-method> <!-- myFirstTest -->
        <test-method is-config="true" signature="AfterTheTestIsDone()[pri:0, instance:MyTestCases@6ad59d92]" started-at="2024-12-22T19:56:01 EET" name="AfterTheTestIsDone" finished-at="2024-12-22T19:56:06 EET" duration-ms="5107" status="PASS">
          <reporter-output>
          </reporter-output>
        </test-method> <!-- AfterTheTestIsDone -->
      </class> <!-- MyTestCases -->
    </test> <!-- Default test -->
  </suite> <!-- Default suite -->
</testng-results>
